<?xml version="1.0" encoding="UTF-8" standalone="no"?>
<!DOCTYPE properties SYSTEM "http://java.sun.com/dtd/properties.dtd">
<!-- ============================================================================ -->
<!-- automated testing secrets                                                    -->
<!-- ============================================================================ -->
<properties>
	<entry key="europrices.secrets.twitter.api.key">TW.KEY</entry>
	<entry key="europrices.secrets.twitter.api.secret">TW.SECRET</entry>
	<!--
AppId = 615216721937654
AppSecret = 88f3f430a8280dc4041949da37d52b79
	-->
	<entry key="europrices.secrets.facebook.api.appId">FB.APPID</entry>
	<entry key="europrices.secrets.facebook.api.appSecret">FB.APPSECRET</entry>
</properties>